[2025-07-27 16:20:53.658522] Backup failed: Incorrect AES key length (15 bytes)
[2025-07-27 16:30:24.430813] Backup failed: Incorrect AES key length (15 bytes)
[2025-07-27 16:30:51.433583] Backup failed: name 'enc_path' is not defined
[2025-07-27 16:32:30.286092] Backup failed: name 'encryptor' is not defined
[2025-07-27 16:32:46.147048] Backup failed: name 'enc_path' is not defined
[2025-07-27 16:34:05.302086] Backup failed: Incorrect AES key length (15 bytes)
[2025-07-27 16:34:19.242732] Backup failed: Incorrect AES key length (15 bytes)
[2025-07-27 16:35:03.706056] Backup failed: Incorrect AES key length (15 bytes)
[2025-07-27 16:38:41.557660] Backup failed: Incorrect AES key length (15 bytes)
[2025-07-27 16:40:07.345273] Backup failed: Incorrect AES key length (15 bytes)
[2025-07-27 16:41:51.279739] Backup failed: Incorrect AES key length (15 bytes)
[2025-07-27 16:45:15.112556] Backup failed: Failed to upload backup.zip.enc to backnaut-backups/backups/backup.zip.enc: An error occurred (AuthorizationHeaderMalformed) when calling the PutObject operation: The authorization header is malformed; a non-empty Access Key (AKID) must be provided in the credential.
[2025-07-27 16:46:57.191752] Backup failed: Failed to upload backup.zip.enc to backnaut-backups/backups/backup.zip.enc: An error occurred (InvalidAccessKeyId) when calling the PutObject operation: The AWS Access Key Id you provided does not exist in our records.
[2025-07-27 16:53:47.655434] Backup failed: Failed to upload backup.zip.enc to backnaut-backups/backups/backup.zip.enc: An error occurred (InvalidAccessKeyId) when calling the PutObject operation: The AWS Access Key Id you provided does not exist in our records.
[2025-07-27 16:57:05.665749] Backup failed: 'aws_access_key'
[2025-07-27 16:59:22.973795] Backup failed: Failed to upload backup.zip.enc to backnaut-backups/backups/backup.zip.enc: An error occurred (InvalidAccessKeyId) when calling the PutObject operation: The AWS Access Key Id you provided does not exist in our records.
[2025-07-27 17:01:00.396755] Backup failed: Failed to upload backup.zip.enc to backnaut-backups/backups/backup.zip.enc: An error occurred (InvalidAccessKeyId) when calling the PutObject operation: The AWS Access Key Id you provided does not exist in our records.
[2025-07-27 17:02:28.891918] Backup failed: Failed to upload backup.zip.enc to backnaut-backups/backups/backup.zip.enc: An error occurred (InvalidAccessKeyId) when calling the PutObject operation: The AWS Access Key Id you provided does not exist in our records.
[2025-07-27 17:04:29.288683] Backup failed: 'aws_access_key'
[2025-07-27 17:07:05.800895] Backup failed: 'aws_access_key_id'
[2025-07-27 17:16:06.572818] Backup failed: 'aws_access_key_id'
[2025-07-27 17:19:07.961368] Backup failed: 'aws_access_key_id'
[2025-07-27 17:20:24.131476] Backup failed: name 'access_key' is not defined
[2025-07-27 17:25:39.941375] Backup failed: The config profile (eu-central-1) could not be found
[2025-07-27 17:28:19.901005] Backup failed: name 'aws_region' is not defined
[2025-07-27 17:31:15.638007] Backup failed: name 'aws_uploader' is not defined
[2025-07-27 17:31:32.607387] Backup completed successfully.
[2025-07-27 17:35:18.751461] Backup failed: upload_to_s3() missing 2 required positional arguments: 'secret_key' and 'region'
[2025-07-27 17:37:04.368227] Backup completed successfully.
[2025-07-27 18:01:11.482599] Backup completed successfully.
